TN:
SF:middlewares\auth.js
FN:3,(anonymous_0)
FNF:1
FNH:0
FNDA:0,(anonymous_0)
DA:1,0
DA:3,0
DA:4,0
DA:5,0
DA:7,0
DA:8,0
DA:9,0
DA:10,0
DA:11,0
DA:13,0
DA:17,0
LF:11
LH:0
BRDA:5,0,0,0
BRDA:5,0,1,0
BRDA:8,1,0,0
BRDA:8,1,1,0
BRF:4
BRH:0
end_of_record
TN:
SF:middlewares\roles.js
FN:1,(anonymous_0)
FN:2,(anonymous_1)
FNF:2
FNH:0
FNDA:0,(anonymous_0)
FNDA:0,(anonymous_1)
DA:1,0
DA:2,0
DA:3,0
DA:4,0
DA:8,0
DA:12,0
LF:6
LH:0
BRDA:3,0,0,0
BRDA:3,0,1,0
BRDA:3,1,0,0
BRDA:3,1,1,0
BRF:4
BRH:0
end_of_record
TN:
SF:models\Inventory.js
FNF:0
FNH:0
DA:1,3
DA:3,3
DA:18,3
LF:3
LH:3
BRF:0
BRH:0
end_of_record
TN:
SF:models\Metric.js
FNF:0
FNH:0
DA:1,4
DA:3,4
DA:32,4
LF:3
LH:3
BRF:0
BRH:0
end_of_record
TN:
SF:models\Return.js
FNF:0
FNH:0
DA:1,1
DA:3,1
DA:16,1
LF:3
LH:3
BRF:0
BRH:0
end_of_record
TN:
SF:models\Sale.js
FNF:0
FNH:0
DA:1,2
DA:3,2
DA:27,2
LF:3
LH:3
BRF:0
BRH:0
end_of_record
TN:
SF:models\User.js
FNF:0
FNH:0
DA:1,0
DA:3,0
DA:16,0
LF:3
LH:0
BRF:0
BRH:0
end_of_record
TN:
SF:routes\auth.js
FN:10,(anonymous_0)
FN:35,(anonymous_1)
FN:48,(anonymous_2)
FN:58,(anonymous_3)
FN:119,(anonymous_4)
FN:151,(anonymous_5)
FNF:6
FNH:0
FNDA:0,(anonymous_0)
FNDA:0,(anonymous_1)
FNDA:0,(anonymous_2)
FNDA:0,(anonymous_3)
FNDA:0,(anonymous_4)
FNDA:0,(anonymous_5)
DA:1,0
DA:2,0
DA:3,0
DA:4,0
DA:5,0
DA:6,0
DA:7,0
DA:10,0
DA:11,0
DA:12,0
DA:14,0
DA:15,0
DA:17,0
DA:18,0
DA:20,0
DA:26,0
DA:28,0
DA:30,0
DA:35,0
DA:36,0
DA:37,0
DA:39,0
DA:40,0
DA:42,0
DA:43,0
DA:45,0
DA:46,0
DA:48,0
DA:49,0
DA:50,0
DA:53,0
DA:58,0
DA:59,0
DA:60,0
DA:61,0
DA:62,0
DA:66,0
DA:69,0
DA:75,0
DA:76,0
DA:79,0
DA:80,0
DA:82,0
DA:98,0
DA:99,0
DA:105,0
DA:107,0
DA:108,0
DA:109,0
DA:110,0
DA:111,0
DA:114,0
DA:119,0
DA:120,0
DA:121,0
DA:126,0
DA:131,0
DA:132,0
DA:136,0
DA:137,0
DA:138,0
DA:139,0
DA:140,0
DA:142,0
DA:144,0
DA:148,0
DA:151,0
DA:152,0
DA:153,0
DA:156,0
DA:157,0
DA:159,0
DA:160,0
DA:161,0
DA:164,0
DA:166,0
DA:170,0
LF:77
LH:0
BRDA:15,0,0,0
BRDA:15,0,1,0
BRDA:40,1,0,0
BRDA:40,1,1,0
BRDA:43,2,0,0
BRDA:43,2,1,0
BRDA:46,3,0,0
BRDA:46,3,1,0
BRDA:49,4,0,0
BRDA:49,4,1,0
BRDA:61,5,0,0
BRDA:61,5,1,0
BRDA:79,6,0,0
BRDA:79,6,1,0
BRDA:79,6,2,0
BRDA:131,7,0,0
BRDA:131,7,1,0
BRDA:157,8,0,0
BRDA:157,8,1,0
BRDA:160,9,0,0
BRDA:160,9,1,0
BRF:21
BRH:0
end_of_record
TN:
SF:routes\inventory.js
FN:10,(anonymous_0)
FN:49,(anonymous_1)
FN:61,(anonymous_2)
FN:87,(anonymous_3)
FN:111,(anonymous_4)
FNF:5
FNH:2
FNDA:1,(anonymous_0)
FNDA:0,(anonymous_1)
FNDA:1,(anonymous_2)
FNDA:0,(anonymous_3)
FNDA:0,(anonymous_4)
DA:1,1
DA:2,1
DA:3,1
DA:4,1
DA:5,1
DA:6,1
DA:7,1
DA:10,1
DA:11,1
DA:12,1
DA:14,1
DA:23,1
DA:26,1
DA:34,1
DA:37,0
DA:44,0
DA:49,1
DA:50,0
DA:51,0
DA:53,0
DA:54,0
DA:56,0
DA:61,1
DA:62,1
DA:63,1
DA:65,1
DA:71,1
DA:79,1
DA:81,0
DA:87,1
DA:88,0
DA:89,0
DA:92,0
DA:93,0
DA:96,0
DA:102,0
DA:104,0
DA:106,0
DA:111,1
DA:112,0
DA:113,0
DA:115,0
DA:118,0
DA:120,0
DA:122,0
DA:126,1
LF:46
LH:24
BRDA:42,0,0,0
BRDA:42,0,1,0
BRDA:92,1,0,0
BRDA:92,1,1,0
BRDA:92,2,0,0
BRDA:92,2,1,0
BRDA:92,2,2,0
BRDA:102,3,0,0
BRDA:102,3,1,0
BRDA:115,4,0,0
BRDA:115,4,1,0
BRF:11
BRH:0
end_of_record
TN:
SF:routes\invoices.js
FN:8,(anonymous_0)
FNF:1
FNH:0
FNDA:0,(anonymous_0)
DA:1,0
DA:2,0
DA:3,0
DA:4,0
DA:5,0
DA:8,0
DA:9,0
DA:10,0
DA:13,0
DA:15,0
DA:16,0
DA:19,0
DA:20,0
DA:23,0
DA:25,0
DA:29,0
LF:16
LH:0
BRDA:15,0,0,0
BRDA:15,0,1,0
BRDA:19,1,0,0
BRDA:19,1,1,0
BRF:4
BRH:0
end_of_record
TN:
SF:routes\metrics.js
FN:8,(anonymous_0)
FN:22,(anonymous_1)
FN:49,(anonymous_2)
FN:68,(anonymous_3)
FNF:4
FNH:2
FNDA:1,(anonymous_0)
FNDA:1,(anonymous_1)
FNDA:0,(anonymous_2)
FNDA:0,(anonymous_3)
DA:1,1
DA:2,1
DA:3,1
DA:4,1
DA:5,1
DA:8,1
DA:9,1
DA:10,1
DA:11,1
DA:14,1
DA:19,1
DA:20,1
DA:22,1
DA:23,1
DA:24,1
DA:27,1
DA:32,1
DA:49,1
DA:55,1
DA:59,1
DA:62,1
DA:65,1
DA:68,0
DA:76,0
DA:80,1
LF:25
LH:23
BRDA:24,0,0,1
BRDA:24,0,1,0
BRDA:27,1,0,1
BRDA:27,1,1,0
BRDA:59,2,0,1
BRDA:59,2,1,0
BRF:6
BRH:3
end_of_record
TN:
SF:routes\returns.js
FN:13,(anonymous_0)
FN:38,(anonymous_1)
FN:70,(anonymous_2)
FN:94,(anonymous_3)
FN:115,(anonymous_4)
FN:133,(anonymous_5)
FNF:6
FNH:5
FNDA:2,(anonymous_0)
FNDA:2,(anonymous_1)
FNDA:0,(anonymous_2)
FNDA:2,(anonymous_3)
FNDA:1,(anonymous_4)
FNDA:1,(anonymous_5)
DA:1,1
DA:2,1
DA:3,1
DA:4,1
DA:5,1
DA:6,1
DA:7,1
DA:8,1
DA:9,1
DA:10,1
DA:13,1
DA:14,2
DA:15,2
DA:17,2
DA:18,2
DA:20,2
DA:21,2
DA:22,0
DA:25,2
DA:26,0
DA:30,2
DA:31,2
DA:34,2
DA:35,2
DA:37,2
DA:38,2
DA:39,2
DA:40,2
DA:41,0
DA:43,2
DA:44,2
DA:45,0
DA:52,2
DA:53,2
DA:56,0
DA:65,2
DA:67,2
DA:69,0
DA:70,0
DA:71,0
DA:72,0
DA:74,0
DA:76,0
DA:90,0
DA:94,2
DA:95,2
DA:96,0
DA:100,2
DA:108,2
DA:111,2
DA:113,1
DA:115,1
DA:116,1
DA:118,1
DA:128,1
DA:133,1
DA:135,1
DA:150,2
DA:151,2
DA:153,2
DA:154,2
DA:155,0
DA:157,2
DA:160,2
DA:162,0
DA:163,0
DA:164,0
DA:165,0
DA:169,1
LF:69
LH:51
BRDA:21,0,0,0
BRDA:21,0,1,2
BRDA:25,1,0,0
BRDA:25,1,1,2
BRDA:39,2,0,2
BRDA:39,2,1,0
BRDA:40,3,0,0
BRDA:40,3,1,2
BRDA:44,4,0,0
BRDA:44,4,1,2
BRDA:52,5,0,2
BRDA:52,5,1,0
BRDA:67,6,0,0
BRDA:67,6,1,2
BRDA:67,7,0,2
BRDA:67,7,1,0
BRDA:95,8,0,0
BRDA:95,8,1,2
BRDA:111,9,0,1
BRDA:111,9,1,1
BRDA:116,10,0,1
BRDA:116,10,1,0
BRDA:144,11,0,1
BRDA:144,11,1,0
BRDA:154,12,0,0
BRDA:154,12,1,2
BRF:26
BRH:14
end_of_record
TN:
SF:routes\sales.js
FN:13,(anonymous_0)
FN:35,(anonymous_1)
FN:49,(anonymous_2)
FN:61,(anonymous_3)
FN:84,(anonymous_4)
FNF:5
FNH:2
FNDA:0,(anonymous_0)
FNDA:0,(anonymous_1)
FNDA:0,(anonymous_2)
FNDA:6,(anonymous_3)
FNDA:6,(anonymous_4)
DA:1,2
DA:2,2
DA:3,2
DA:4,2
DA:5,2
DA:6,2
DA:7,2
DA:8,2
DA:9,2
DA:10,2
DA:13,2
DA:14,0
DA:15,0
DA:17,0
DA:18,0
DA:19,0
DA:22,0
DA:35,0
DA:42,0
DA:44,0
DA:49,2
DA:50,0
DA:51,0
DA:54,0
DA:56,0
DA:61,2
DA:62,6
DA:63,6
DA:65,6
DA:66,6
DA:67,6
DA:68,6
DA:71,6
DA:72,6
DA:75,6
DA:81,6
DA:84,6
DA:85,6
DA:86,1
DA:89,5
DA:90,5
DA:91,5
DA:93,5
DA:94,5
DA:96,5
DA:99,5
DA:105,5
DA:108,5
DA:109,5
DA:118,5
DA:119,5
DA:120,5
DA:122,5
DA:125,5
DA:138,5
DA:141,5
DA:150,5
DA:151,5
DA:153,5
DA:156,1
DA:157,1
DA:158,1
DA:159,1
DA:163,2
LF:64
LH:51
BRDA:18,0,0,0
BRDA:18,0,1,0
BRDA:38,1,0,0
BRDA:38,1,1,0
BRDA:39,2,0,0
BRDA:39,2,1,0
BRDA:85,3,0,1
BRDA:85,3,1,5
BRDA:90,4,0,5
BRDA:90,4,1,0
BRDA:94,5,0,0
BRDA:94,5,1,5
BRDA:126,6,0,5
BRDA:126,6,1,0
BRDA:131,7,0,5
BRDA:131,7,1,0
BRDA:132,8,0,5
BRDA:132,8,1,2
BRDA:133,9,0,5
BRDA:133,9,1,2
BRF:20
BRH:10
end_of_record
TN:
SF:utils\fefo.js
FN:7,(anonymous_0)
FN:8,(anonymous_1)
FNF:2
FNH:1
FNDA:6,(anonymous_0)
FNDA:0,(anonymous_1)
DA:7,3
DA:8,6
DA:9,0
DA:13,3
LF:4
LH:3
BRF:0
BRH:0
end_of_record
TN:
SF:utils\invoice.js
FN:3,(anonymous_0)
FNF:1
FNH:1
FNDA:5,(anonymous_0)
DA:1,2
DA:3,2
DA:4,5
DA:5,5
DA:8,2
LF:5
LH:5
BRF:0
BRH:0
end_of_record
TN:
SF:utils\sendEmail.js
FN:3,(anonymous_0)
FNF:1
FNH:0
FNDA:0,(anonymous_0)
DA:1,0
DA:3,0
DA:4,0
DA:13,0
DA:20,0
DA:23,0
LF:6
LH:0
BRF:0
BRH:0
end_of_record
